[0113/124256.245:ERROR:process_reader_win.cc(123)] NtOpenThread: {Отказано в доступе} Процесс запросил доступ к объекту, но права на доступ не предоставлены. (0xc0000022)
[0113/124258.302:ERROR:exception_snapshot_win.cc(99)] thread ID 7844 not found in process
[0113/124259.417:ERROR:process_reader_win.cc(151)] SuspendThread: Отказано в доступе. (0x5)
[0113/124259.417:ERROR:process_reader_win.cc(151)] SuspendThread: Отказано в доступе. (0x5)
[0113/124259.417:ERROR:process_reader_win.cc(151)] SuspendThread: Отказано в доступе. (0x5)
[0113/124259.417:ERROR:process_reader_win.cc(123)] NtOpenThread: {Отказано в доступе} Процесс запросил доступ к объекту, но права на доступ не предоставлены. (0xc0000022)
[0113/124259.418:ERROR:exception_snapshot_win.cc(99)] thread ID 8452 not found in process
[0113/124347.322:ERROR:process_reader_win.cc(123)] NtOpenThread: {Отказано в доступе} Процесс запросил доступ к объекту, но права на доступ не предоставлены. (0xc0000022)
[0113/124347.323:ERROR:exception_snapshot_win.cc(99)] thread ID 2148 not found in process
[0113/124347.388:ERROR:process_reader_win.cc(151)] SuspendThread: Отказано в доступе. (0x5)
[0113/124347.388:ERROR:process_reader_win.cc(151)] SuspendThread: Отказано в доступе. (0x5)
[0113/124347.388:ERROR:process_reader_win.cc(123)] NtOpenThread: {Отказано в доступе} Процесс запросил доступ к объекту, но права на доступ не предоставлены. (0xc0000022)
[0113/124347.388:ERROR:exception_snapshot_win.cc(99)] thread ID 7200 not found in process
[0113/124411.479:ERROR:process_reader_win.cc(123)] NtOpenThread: {Отказано в доступе} Процесс запросил доступ к объекту, но права на доступ не предоставлены. (0xc0000022)
[0113/124411.484:ERROR:exception_snapshot_win.cc(99)] thread ID 6780 not found in process
[0113/124411.578:ERROR:process_reader_win.cc(151)] SuspendThread: Отказано в доступе. (0x5)
[0113/124411.580:ERROR:process_reader_win.cc(151)] SuspendThread: Отказано в доступе. (0x5)
[0113/124411.580:ERROR:process_reader_win.cc(123)] NtOpenThread: {Отказано в доступе} Процесс запросил доступ к объекту, но права на доступ не предоставлены. (0xc0000022)
[0113/124411.580:ERROR:exception_snapshot_win.cc(99)] thread ID 5200 not found in process
[0113/124451.876:ERROR:process_reader_win.cc(123)] NtOpenThread: {Отказано в доступе} Процесс запросил доступ к объекту, но права на доступ не предоставлены. (0xc0000022)
[0113/124451.878:ERROR:exception_snapshot_win.cc(99)] thread ID 7556 not found in process
[0113/132143.774:ERROR:process_reader_win.cc(123)] NtOpenThread: {Отказано в доступе} Процесс запросил доступ к объекту, но права на доступ не предоставлены. (0xc0000022)
[0113/132143.839:ERROR:exception_snapshot_win.cc(99)] thread ID 8576 not found in process
[0113/132143.909:ERROR:process_reader_win.cc(151)] SuspendThread: Отказано в доступе. (0x5)
[0113/132143.909:ERROR:process_reader_win.cc(151)] SuspendThread: Отказано в доступе. (0x5)
[0113/132143.909:ERROR:process_reader_win.cc(123)] NtOpenThread: {Отказано в доступе} Процесс запросил доступ к объекту, но права на доступ не предоставлены. (0xc0000022)
[0113/132143.910:ERROR:exception_snapshot_win.cc(99)] thread ID 6452 not found in process
[0113/142442.174:ERROR:scoped_process_suspend.cc(31)] NtSuspendProcess: Попытка доступа к процессу, выполняющему процедуру завершения. (0xc000010a)
[0113/142444.528:ERROR:process_info.cc(118)] ReadProcessMemory bool __cdecl crashpad::(anonymous namespace)::ReadStruct(HANDLE, crashpad::WinVMAddress, T *) [T = crashpad::process_types::PEB<crashpad::process_types::internal::Traits64>]: Запрос ReadProcessMemory или WriteProcessMemory был выполнен только частично. (0x12B)
[0113/142444.529:ERROR:process_info.cc(551)] ReadProcessData failed
[0113/142445.926:ERROR:process_reader_win.cc(123)] NtOpenThread: {Отказано в доступе} Процесс запросил доступ к объекту, но права на доступ не предоставлены. (0xc0000022)
[0113/142446.111:ERROR:exception_snapshot_win.cc(99)] thread ID 5820 not found in process
[0113/142930.503:ERROR:process_reader_win.cc(123)] NtOpenThread: {Отказано в доступе} Процесс запросил доступ к объекту, но права на доступ не предоставлены. (0xc0000022)
[0113/142930.877:ERROR:exception_snapshot_win.cc(99)] thread ID 908 not found in process
[0113/142930.985:ERROR:process_reader_win.cc(123)] NtOpenThread: {Отказано в доступе} Процесс запросил доступ к объекту, но права на доступ не предоставлены. (0xc0000022)
[0113/142930.985:ERROR:exception_snapshot_win.cc(99)] thread ID 8208 not found in process
[0113/143037.782:ERROR:process_reader_win.cc(123)] NtOpenThread: {Отказано в доступе} Процесс запросил доступ к объекту, но права на доступ не предоставлены. (0xc0000022)
[0113/143037.922:ERROR:exception_snapshot_win.cc(99)] thread ID 8124 not found in process
[0113/143037.996:ERROR:process_reader_win.cc(123)] NtOpenThread: {Отказано в доступе} Процесс запросил доступ к объекту, но права на доступ не предоставлены. (0xc0000022)
[0113/143037.996:ERROR:exception_snapshot_win.cc(99)] thread ID 8660 not found in process
[0113/143038.154:ERROR:process_reader_win.cc(123)] NtOpenThread: {Отказано в доступе} Процесс запросил доступ к объекту, но права на доступ не предоставлены. (0xc0000022)
[0113/143038.154:ERROR:exception_snapshot_win.cc(99)] thread ID 5448 not found in process
[0113/143039.471:ERROR:process_reader_win.cc(151)] SuspendThread: Отказано в доступе. (0x5)
[0113/143039.472:ERROR:process_reader_win.cc(123)] NtOpenThread: {Отказано в доступе} Процесс запросил доступ к объекту, но права на доступ не предоставлены. (0xc0000022)
[0113/143039.473:ERROR:exception_snapshot_win.cc(99)] thread ID 6856 not found in process
[0113/143048.792:ERROR:process_reader_win.cc(123)] NtOpenThread: {Отказано в доступе} Процесс запросил доступ к объекту, но права на доступ не предоставлены. (0xc0000022)
[0113/143048.792:ERROR:exception_snapshot_win.cc(99)] thread ID 9076 not found in process
[0113/143324.434:ERROR:scoped_process_suspend.cc(31)] NtSuspendProcess: Попытка доступа к процессу, выполняющему процедуру завершения. (0xc000010a)
[0113/143332.772:ERROR:process_info.cc(118)] ReadProcessMemory bool __cdecl crashpad::(anonymous namespace)::ReadStruct(HANDLE, crashpad::WinVMAddress, T *) [T = crashpad::process_types::PEB<crashpad::process_types::internal::Traits64>]: Запрос ReadProcessMemory или WriteProcessMemory был выполнен только частично. (0x12B)
[0113/143332.772:ERROR:process_info.cc(551)] ReadProcessData failed
[0113/143612.709:ERROR:process_reader_win.cc(123)] NtOpenThread: {Отказано в доступе} Процесс запросил доступ к объекту, но права на доступ не предоставлены. (0xc0000022)
[0113/143612.971:ERROR:exception_snapshot_win.cc(99)] thread ID 6740 not found in process
[0113/143707.677:ERROR:process_reader_win.cc(123)] NtOpenThread: {Отказано в доступе} Процесс запросил доступ к объекту, но права на доступ не предоставлены. (0xc0000022)
[0113/143707.678:ERROR:exception_snapshot_win.cc(99)] thread ID 6036 not found in process
[0113/143707.935:ERROR:process_reader_win.cc(151)] SuspendThread: Отказано в доступе. (0x5)
[0113/143707.936:ERROR:process_reader_win.cc(123)] NtOpenThread: {Отказано в доступе} Процесс запросил доступ к объекту, но права на доступ не предоставлены. (0xc0000022)
[0113/143707.936:ERROR:exception_snapshot_win.cc(99)] thread ID 8428 not found in process
[0113/143839.222:ERROR:process_reader_win.cc(123)] NtOpenThread: {Отказано в доступе} Процесс запросил доступ к объекту, но права на доступ не предоставлены. (0xc0000022)
[0113/143839.276:ERROR:exception_snapshot_win.cc(99)] thread ID 9072 not found in process
[0113/143839.339:ERROR:process_reader_win.cc(123)] NtOpenThread: {Отказано в доступе} Процесс запросил доступ к объекту, но права на доступ не предоставлены. (0xc0000022)
[0113/143839.339:ERROR:exception_snapshot_win.cc(99)] thread ID 7276 not found in process
[0113/143839.406:ERROR:process_reader_win.cc(123)] NtOpenThread: {Отказано в доступе} Процесс запросил доступ к объекту, но права на доступ не предоставлены. (0xc0000022)
[0113/143839.406:ERROR:exception_snapshot_win.cc(99)] thread ID 8820 not found in process
[0113/143840.316:ERROR:process_reader_win.cc(151)] SuspendThread: Отказано в доступе. (0x5)
[0113/143840.317:ERROR:process_reader_win.cc(151)] SuspendThread: Отказано в доступе. (0x5)
[0113/143840.317:ERROR:process_reader_win.cc(123)] NtOpenThread: {Отказано в доступе} Процесс запросил доступ к объекту, но права на доступ не предоставлены. (0xc0000022)
[0113/143840.317:ERROR:exception_snapshot_win.cc(99)] thread ID 8340 not found in process
[0113/144810.734:ERROR:process_reader_win.cc(123)] NtOpenThread: {Отказано в доступе} Процесс запросил доступ к объекту, но права на доступ не предоставлены. (0xc0000022)
[0113/144812.773:ERROR:process_reader_win.cc(151)] SuspendThread: Отказано в доступе. (0x5)
[0113/144812.811:ERROR:exception_snapshot_win.cc(99)] thread ID 6752 not found in process
[0113/144812.811:ERROR:process_reader_win.cc(123)] NtOpenThread: {Отказано в доступе} Процесс запросил доступ к объекту, но права на доступ не предоставлены. (0xc0000022)
[0113/144812.811:ERROR:exception_snapshot_win.cc(99)] thread ID 5700 not found in process
[0113/144812.811:ERROR:scoped_process_suspend.cc(40)] NtResumeProcess: Попытка доступа к процессу, выполняющему процедуру завершения. (0xc000010a)
[0113/144815.242:ERROR:process_reader_win.cc(123)] NtOpenThread: {Отказано в доступе} Процесс запросил доступ к объекту, но права на доступ не предоставлены. (0xc0000022)
[0113/144815.242:ERROR:exception_snapshot_win.cc(99)] thread ID 7220 not found in process
[0113/145815.002:ERROR:process_reader_win.cc(123)] NtOpenThread: {Отказано в доступе} Процесс запросил доступ к объекту, но права на доступ не предоставлены. (0xc0000022)
[0113/145815.514:ERROR:exception_snapshot_win.cc(99)] thread ID 5400 not found in process
[0113/145815.573:ERROR:process_reader_win.cc(151)] SuspendThread: Отказано в доступе. (0x5)
[0113/145815.574:ERROR:process_reader_win.cc(151)] SuspendThread: Отказано в доступе. (0x5)
[0113/145815.574:ERROR:process_reader_win.cc(151)] SuspendThread: Отказано в доступе. (0x5)
[0113/145815.574:ERROR:process_reader_win.cc(123)] NtOpenThread: {Отказано в доступе} Процесс запросил доступ к объекту, но права на доступ не предоставлены. (0xc0000022)
[0113/145815.574:ERROR:exception_snapshot_win.cc(99)] thread ID 8656 not found in process
[0113/150255.116:ERROR:process_reader_win.cc(123)] NtOpenThread: {Отказано в доступе} Процесс запросил доступ к объекту, но права на доступ не предоставлены. (0xc0000022)
[0113/150255.149:ERROR:exception_snapshot_win.cc(99)] thread ID 5576 not found in process
[0113/150255.213:ERROR:process_reader_win.cc(123)] NtOpenThread: {Отказано в доступе} Процесс запросил доступ к объекту, но права на доступ не предоставлены. (0xc0000022)
[0113/150255.213:ERROR:exception_snapshot_win.cc(99)] thread ID 10160 not found in process
[0113/150255.275:ERROR:process_reader_win.cc(123)] NtOpenThread: {Отказано в доступе} Процесс запросил доступ к объекту, но права на доступ не предоставлены. (0xc0000022)
[0113/150255.275:ERROR:exception_snapshot_win.cc(99)] thread ID 9528 not found in process
[0113/152727.036:ERROR:process_reader_win.cc(123)] NtOpenThread: {Отказано в доступе} Процесс запросил доступ к объекту, но права на доступ не предоставлены. (0xc0000022)
[0113/152727.083:ERROR:exception_snapshot_win.cc(99)] thread ID 7212 not found in process
[0113/152727.159:ERROR:process_reader_win.cc(123)] NtOpenThread: {Отказано в доступе} Процесс запросил доступ к объекту, но права на доступ не предоставлены. (0xc0000022)
[0113/152727.159:ERROR:exception_snapshot_win.cc(99)] thread ID 8984 not found in process
[0113/152727.268:ERROR:process_reader_win.cc(151)] SuspendThread: Отказано в доступе. (0x5)
[0113/152727.269:ERROR:process_reader_win.cc(123)] NtOpenThread: {Отказано в доступе} Процесс запросил доступ к объекту, но права на доступ не предоставлены. (0xc0000022)
[0113/152727.269:ERROR:exception_snapshot_win.cc(99)] thread ID 7120 not found in process
[0113/152729.213:ERROR:process_reader_win.cc(123)] NtOpenThread: {Отказано в доступе} Процесс запросил доступ к объекту, но права на доступ не предоставлены. (0xc0000022)
[0113/152729.214:ERROR:exception_snapshot_win.cc(99)] thread ID 4280 not found in process
[0113/153141.958:ERROR:process_reader_win.cc(123)] NtOpenThread: {Отказано в доступе} Процесс запросил доступ к объекту, но права на доступ не предоставлены. (0xc0000022)
[0113/153142.007:ERROR:exception_snapshot_win.cc(99)] thread ID 6244 not found in process
[0113/153142.065:ERROR:process_reader_win.cc(123)] NtOpenThread: {Отказано в доступе} Процесс запросил доступ к объекту, но права на доступ не предоставлены. (0xc0000022)
[0113/153142.066:ERROR:exception_snapshot_win.cc(99)] thread ID 2696 not found in process
[0113/153142.170:ERROR:process_reader_win.cc(123)] NtOpenThread: {Отказано в доступе} Процесс запросил доступ к объекту, но права на доступ не предоставлены. (0xc0000022)
[0113/153142.170:ERROR:exception_snapshot_win.cc(99)] thread ID 1940 not found in process
